GROUP,PACKAGE,CLASS,INSTRUCTION_MISSED,INSTRUCTION_COVERED,BRANCH_MISSED,BRANCH_COVERED,LINE_MISSED,LINE_COVERED,COMPLEXITY_MISSED,COMPLEXITY_COVERED,METHOD_MISSED,METHOD_COVERED
hw3,edu.cmu.cs214.hw3,Game,8,126,2,4,3,33,3,10,1,9
hw3,edu.cmu.cs214.hw3,Main,11,0,0,0,4,0,2,0,2,0
hw3,edu.cmu.cs214.hw3,UI,449,25,36,2,97,6,23,2,5,1
hw3,edu.cmu.cs214.hw3,Board,2,53,4,8,1,9,4,5,0,3
hw3,edu.cmu.cs214.hw3,Player,4,84,0,12,1,23,1,14,1,8
hw3,edu.cmu.cs214.hw3,Worker,1,370,10,50,1,73,10,30,0,10
hw3,edu.cmu.cs214.hw3,Grid,17,38,0,0,1,14,1,7,1,7
