GROUP,PACKAGE,CLASS,INSTRUCTION_MISSED,INSTRUCTION_COVERED,BRANCH_MISSED,BRANCH_COVERED,LINE_MISSED,LINE_COVERED,COMPLEXITY_MISSED,COMPLEXITY_COVERED,METHOD_MISSED,METHOD_COVERED
FlashCards,edu.cmu.cs214.hw3,Game,27,150,7,5,8,37,7,11,2,10
FlashCards,edu.cmu.cs214.hw3,Main,13,0,0,0,4,0,2,0,2,0
FlashCards,edu.cmu.cs214.hw3,UI,290,25,28,2,84,6,18,2,4,1
FlashCards,edu.cmu.cs214.hw3,Board,19,103,8,14,8,18,8,7,0,4
FlashCards,edu.cmu.cs214.hw3,Player,4,87,0,12,1,25,1,14,1,8
FlashCards,edu.cmu.cs214.hw3,Tower,6,52,5,5,2,15,6,6,1,6
FlashCards,edu.cmu.cs214.hw3,Worker,0,357,8,52,0,74,8,32,0,10
FlashCards,edu.cmu.cs214.hw3,Grid,8,64,1,7,1,21,2,10,1,7
