GROUP,PACKAGE,CLASS,INSTRUCTION_MISSED,INSTRUCTION_COVERED,BRANCH_MISSED,BRANCH_COVERED,LINE_MISSED,LINE_COVERED,COMPLEXITY_MISSED,COMPLEXITY_COVERED,METHOD_MISSED,METHOD_COVERED
hw3,edu.cmu.cs214.hw3,Game,26,72,2,0,8,19,6,4,5,4
hw3,edu.cmu.cs214.hw3,Main,8,0,0,0,2,0,2,0,2,0
hw3,edu.cmu.cs214.hw3,UI,519,0,42,0,115,0,28,0,7,0
hw3,edu.cmu.cs214.hw3,Board,22,33,8,4,4,6,6,3,2,1
hw3,edu.cmu.cs214.hw3,Player,46,39,8,4,10,14,7,7,3,5
hw3,edu.cmu.cs214.hw3,Worker,188,190,31,31,24,51,23,18,3,7
hw3,edu.cmu.cs214.hw3,Grid,17,38,0,0,1,14,1,7,1,7
