<?xml version="1.0" encoding="UTF-8" standalone="yes"?><!DOCTYPE report PUBLIC "-//JACOCO//DTD Report 1.1//EN" "report.dtd"><report name="hw3"><sessioninfo id="Xuezhen_Dai-822a0c46" start="1677467991274" dump="1677467991791"/><sessioninfo id="Xuezhen_Dai-7b1d07f9" start="1677467997668" dump="1677467998154"/><sessioninfo id="Xuezhen_Dai-b2682b0a" start="1677468004664" dump="1677468005134"/><sessioninfo id="Xuezhen_Dai-da91a496" start="1677511439802" dump="1677511440459"/><sessioninfo id="Xuezhen_Dai-36a4b704" start="1677511445980" dump="1677511446532"/><sessioninfo id="Xuezhen_Dai-5597b08d" start="1677511453761" dump="1677511454343"/><sessioninfo id="Xuezhen_Dai-8bdf0c98" start="1677517275594" dump="1677517276174"/><sessioninfo id="Xuezhen_Dai-953ff3b" start="1677517282369" dump="1677517282947"/><sessioninfo id="Xuezhen_Dai-897ca3ff" start="1677523114288" dump="1677523114962"/><sessioninfo id="Xuezhen_Dai-f6eada66" start="1677523122020" dump="1677523122757"/><sessioninfo id="Xuezhen_Dai-814c8884" start="1677523519557" dump="1677523520223"/><sessioninfo id="Xuezhen_Dai-b0d41e9b" start="1677523527378" dump="1677523528094"/></report>