<?xml version="1.0" encoding="UTF-8"?>
<testsuite xmlns:xsi="http://www.w3.org/2001/XMLSchema-instance" xsi:noNamespaceSchemaLocation="https://maven.apache.org/surefire/maven-surefire-plugin/xsd/surefire-test-report-3.0.xsd" version="3.0" name="edu.cmu.cs214.hw3.PlayerTest" time="0.01" tests="9" errors="0" skipped="0" failures="0">
  <properties>
[...]
</properties>
  <testcase name="moveWorker" classname="edu.cmu.cs214.hw3.PlayerTest" time="0"/>
  <testcase name="ifMovableTrueTest" classname="edu.cmu.cs214.hw3.PlayerTest" time="0"/>
  <testcase name="moveWorkerFalse" classname="edu.cmu.cs214.hw3.PlayerTest" time="0.004">
    <system-out><![CDATA[This is not a valid move.
]]></system-out>
  </testcase>
  <testcase name="buildTowerTrue" classname="edu.cmu.cs214.hw3.PlayerTest" time="0"/>
  <testcase name="getWinStatusfalseTest" classname="edu.cmu.cs214.hw3.PlayerTest" time="0"/>
  <testcase name="testAddWorker" classname="edu.cmu.cs214.hw3.PlayerTest" time="0"/>
  <testcase name="ifMovableFalseTest" classname="edu.cmu.cs214.hw3.PlayerTest" time="0"/>
  <testcase name="buildTowerFalse" classname="edu.cmu.cs214.hw3.PlayerTest" time="0.003">
    <system-out><![CDATA[This grid is too far.
]]></system-out>
  </testcase>
  <testcase name="getWinStatusTest" classname="edu.cmu.cs214.hw3.PlayerTest" time="0"/>
</testsuite>