<?xml version="1.0" encoding="UTF-8" ?>
<testsuite tests="31" failures="0" name="edu.cmu.cs214.hw3.WorkerTest" time="0.172" errors="0" skipped="0">
  <properties>
[...]
</properties>
  <testcase classname="edu.cmu.cs214.hw3.WorkerTest" name="setWorkerInvalid" time="0.001"/>
  <testcase classname="edu.cmu.cs214.hw3.WorkerTest" name="setLocationTrue" time="0.001"/>
  <testcase classname="edu.cmu.cs214.hw3.WorkerTest" name="setWorkerFalse" time="0.002"/>
  <testcase classname="edu.cmu.cs214.hw3.WorkerTest" name="testIfwin" time="0.018"/>
  <testcase classname="edu.cmu.cs214.hw3.WorkerTest" name="buildTowerTestRow" time="0.005"/>
  <testcase classname="edu.cmu.cs214.hw3.WorkerTest" name="buildTowerTestTrue" time="0.001"/>
  <testcase classname="edu.cmu.cs214.hw3.WorkerTest" name="buildTowerTestlayer" time="0.02"/>
  <testcase classname="edu.cmu.cs214.hw3.WorkerTest" name="buildTowerTestColumn" time="0.008"/>
  <testcase classname="edu.cmu.cs214.hw3.WorkerTest" name="testIfwinFalse" time="0"/>
  <testcase classname="edu.cmu.cs214.hw3.WorkerTest" name="setLocationlayer" time="0.001"/>
  <testcase classname="edu.cmu.cs214.hw3.WorkerTest" name="buildTowerTestOccupy" time="0.001"/>
  <testcase classname="edu.cmu.cs214.hw3.WorkerTest" name="getLocation" time="0.001"/>
  <testcase classname="edu.cmu.cs214.hw3.WorkerTest" name="testReturnStr" time="0.025"/>
  <testcase classname="edu.cmu.cs214.hw3.WorkerTest" name="setWorkerOccupaied" time="0"/>
  <testcase classname="edu.cmu.cs214.hw3.WorkerTest" name="setLocationlayerPro" time="0.001"/>
  <testcase classname="edu.cmu.cs214.hw3.WorkerTest" name="setLocationinValid" time="0.002"/>
  <testcase classname="edu.cmu.cs214.hw3.WorkerTest" name="testReturnStr1" time="0"/>
  <testcase classname="edu.cmu.cs214.hw3.WorkerTest" name="testReturnStr2" time="0.001"/>
  <testcase classname="edu.cmu.cs214.hw3.WorkerTest" name="testReturnStr3" time="0"/>
  <testcase classname="edu.cmu.cs214.hw3.WorkerTest" name="testReturnStr4" time="0.001"/>
  <testcase classname="edu.cmu.cs214.hw3.WorkerTest" name="testReturnStr5" time="0"/>
  <testcase classname="edu.cmu.cs214.hw3.WorkerTest" name="testReturnStr6" time="0.001"/>
  <testcase classname="edu.cmu.cs214.hw3.WorkerTest" name="testReturnStr7" time="0.001"/>
  <testcase classname="edu.cmu.cs214.hw3.WorkerTest" name="testReturnStr8" time="0"/>
  <testcase classname="edu.cmu.cs214.hw3.WorkerTest" name="setWorker" time="0.001"/>
  <testcase classname="edu.cmu.cs214.hw3.WorkerTest" name="testMovable" time="0"/>
  <testcase classname="edu.cmu.cs214.hw3.WorkerTest" name="setLocationcheckValid" time="0.005"/>
  <testcase classname="edu.cmu.cs214.hw3.WorkerTest" name="testOccupiedMove" time="0.035"/>
  <testcase classname="edu.cmu.cs214.hw3.WorkerTest" name="setLocationtooFar1" time="0.04"/>
  <testcase classname="edu.cmu.cs214.hw3.WorkerTest" name="setLocationtooFar2" time="0"/>
  <testcase classname="edu.cmu.cs214.hw3.WorkerTest" name="setLocationtooFar3" time="0"/>
</testsuite>